<?xml version="1.0" encoding="UTF-8"?>
<!-- Generated by org.testng.reporters.JUnitReportReporter -->
<testsuite hostname="Rudransh" failures="1" tests="2" name="com.hcl.test.PrintNumbers" time="0.014" errors="0" timestamp="2021-04-02T23:02:20 CEST" skipped="0">
  <testcase classname="com.hcl.test.PrintNumbers" name="printNumbersRange" time="0.010"/>
  <system-out>
Input Max Number Range --> 10 Final Numbers String --> 1,2,3,4,5,6,7,8,9,10  </system-out>
  <testcase classname="com.hcl.test.PrintNumbers" name="printNumbersRange" time="0.004">
    <failure message="Entered Parameter is not valid!!" type="java.lang.AssertionError">
      <![CDATA[java.lang.AssertionError: Entered Parameter is not valid!!
at org.testng.Assert.fail(Assert.java:99)
at com.hcl.test.PrintNumbers.printNumbersRange(PrintNumbers.java:51)
at java.base/jdk.internal.reflect.NativeMethodAccessorImpl.invoke0(Native Method)
at java.base/jdk.internal.reflect.NativeMethodAccessorImpl.invoke(NativeMethodAccessorImpl.java:64)
at java.base/jdk.internal.reflect.DelegatingMethodAccessorImpl.invoke(DelegatingMethodAccessorImpl.java:43)
at java.base/java.lang.reflect.Method.invoke(Method.java:564)
at org.testng.internal.MethodInvocationHelper.invokeMethod(MethodInvocationHelper.java:132)
at org.testng.internal.TestInvoker.invokeMethod(TestInvoker.java:599)
at org.testng.internal.TestInvoker.invokeTestMethod(TestInvoker.java:174)
at org.testng.internal.MethodRunner.runInSequence(MethodRunner.java:46)
at org.testng.internal.TestInvoker$MethodInvocationAgent.invoke(TestInvoker.java:822)
at org.testng.internal.TestInvoker.invokeTestMethods(TestInvoker.java:147)
at org.testng.internal.TestMethodWorker.invokeTestMethods(TestMethodWorker.java:146)
at org.testng.internal.TestMethodWorker.run(TestMethodWorker.java:128)
at java.base/java.util.concurrent.ThreadPoolExecutor.runWorker(ThreadPoolExecutor.java:1130)
at java.base/java.util.concurrent.ThreadPoolExecutor$Worker.run(ThreadPoolExecutor.java:630)
at java.base/java.lang.Thread.run(Thread.java:832)
]]>
    </failure>
  </testcase> <!-- printNumbersRange -->
  <system-out>
Input Max Number Range --> 10ABC Entered Parameter is not valid!!  </system-out>
</testsuite> <!-- com.hcl.test.PrintNumbers -->
