<?xml version="1.0" encoding="UTF-8"?>
<!-- Generated by org.testng.reporters.JUnitReportReporter -->
<testsuite hostname="Rudransh" failures="3" tests="9" name="com.hcl.test.AreaOfTriangle" time="0.010" errors="2" timestamp="2021-04-02T23:02:20 CEST" skipped="0">
  <testcase classname="com.hcl.test.AreaOfTriangle" name="areaOfTriangle_HB" time="0.000">
    <error message="
Conversion issue on parameter: Breadth" type="org.testng.TestNGException">
      <![CDATA[org.testng.TestNGException: 
Conversion issue on parameter: Breadth
at org.testng.internal.Parameters.convertType(Parameters.java:531)
at org.testng.internal.Parameters.createParams(Parameters.java:271)
at org.testng.internal.Parameters.createParametersForMethod(Parameters.java:356)
at org.testng.internal.Parameters.createParameters(Parameters.java:700)
at org.testng.internal.Parameters.handleParameters(Parameters.java:875)
at org.testng.internal.Parameters.handleParameters(Parameters.java:740)
at org.testng.internal.ParameterHandler.handleParameters(ParameterHandler.java:59)
at org.testng.internal.ParameterHandler.createParameters(ParameterHandler.java:38)
at org.testng.internal.TestInvoker$MethodInvocationAgent.invoke(TestInvoker.java:789)
at org.testng.internal.TestInvoker.invokeTestMethods(TestInvoker.java:147)
at org.testng.internal.TestMethodWorker.invokeTestMethods(TestMethodWorker.java:146)
at org.testng.internal.TestMethodWorker.run(TestMethodWorker.java:128)
at java.base/java.util.concurrent.ThreadPoolExecutor.runWorker(ThreadPoolExecutor.java:1130)
at java.base/java.util.concurrent.ThreadPoolExecutor$Worker.run(ThreadPoolExecutor.java:630)
at java.base/java.lang.Thread.run(Thread.java:832)
Caused by: java.lang.NumberFormatException: For input string: "16XYZ"
at java.base/jdk.internal.math.FloatingDecimal.readJavaFormatString(FloatingDecimal.java:2054)
at java.base/jdk.internal.math.FloatingDecimal.parseDouble(FloatingDecimal.java:110)
at java.base/java.lang.Double.parseDouble(Double.java:549)
at java.base/java.lang.Double.valueOf(Double.java:512)
at org.testng.internal.Parameters.convertType(Parameters.java:516)
... 14 more
]]>
    </error>
  </testcase> <!-- areaOfTriangle_HB -->
  <system-out/>
  <testcase classname="com.hcl.test.AreaOfTriangle" name="areaOfTriangle_Sides" time="0.002">
    <failure message="Argument Sides are not valid!!" type="java.lang.AssertionError">
      <![CDATA[java.lang.AssertionError: Argument Sides are not valid!!
at org.testng.Assert.fail(Assert.java:99)
at com.hcl.test.AreaOfTriangle.areaOfTriangle_Sides(AreaOfTriangle.java:86)
at java.base/jdk.internal.reflect.NativeMethodAccessorImpl.invoke0(Native Method)
at java.base/jdk.internal.reflect.NativeMethodAccessorImpl.invoke(NativeMethodAccessorImpl.java:64)
at java.base/jdk.internal.reflect.DelegatingMethodAccessorImpl.invoke(DelegatingMethodAccessorImpl.java:43)
at java.base/java.lang.reflect.Method.invoke(Method.java:564)
at org.testng.internal.MethodInvocationHelper.invokeMethod(MethodInvocationHelper.java:132)
at org.testng.internal.TestInvoker.invokeMethod(TestInvoker.java:599)
at org.testng.internal.TestInvoker.invokeTestMethod(TestInvoker.java:174)
at org.testng.internal.MethodRunner.runInSequence(MethodRunner.java:46)
at org.testng.internal.TestInvoker$MethodInvocationAgent.invoke(TestInvoker.java:822)
at org.testng.internal.TestInvoker.invokeTestMethods(TestInvoker.java:147)
at org.testng.internal.TestMethodWorker.invokeTestMethods(TestMethodWorker.java:146)
at org.testng.internal.TestMethodWorker.run(TestMethodWorker.java:128)
at java.base/java.util.concurrent.ThreadPoolExecutor.runWorker(ThreadPoolExecutor.java:1130)
at java.base/java.util.concurrent.ThreadPoolExecutor$Worker.run(ThreadPoolExecutor.java:630)
at java.base/java.lang.Thread.run(Thread.java:832)
]]>
    </failure>
  </testcase> <!-- areaOfTriangle_Sides -->
  <system-out>
3 Sides of Triangle --> 0.0 , 25.0 ,22.0 Argument Sides are not valid!!  </system-out>
  <testcase classname="com.hcl.test.AreaOfTriangle" name="areaOfTriangle_HB" time="0.002">
    <failure message="Please enter the valid Height and Breadth" type="java.lang.AssertionError">
      <![CDATA[java.lang.AssertionError: Please enter the valid Height and Breadth
at org.testng.Assert.fail(Assert.java:99)
at com.hcl.test.AreaOfTriangle.areaOfTriangle_HB(AreaOfTriangle.java:39)
at java.base/jdk.internal.reflect.NativeMethodAccessorImpl.invoke0(Native Method)
at java.base/jdk.internal.reflect.NativeMethodAccessorImpl.invoke(NativeMethodAccessorImpl.java:64)
at java.base/jdk.internal.reflect.DelegatingMethodAccessorImpl.invoke(DelegatingMethodAccessorImpl.java:43)
at java.base/java.lang.reflect.Method.invoke(Method.java:564)
at org.testng.internal.MethodInvocationHelper.invokeMethod(MethodInvocationHelper.java:132)
at org.testng.internal.TestInvoker.invokeMethod(TestInvoker.java:599)
at org.testng.internal.TestInvoker.invokeTestMethod(TestInvoker.java:174)
at org.testng.internal.MethodRunner.runInSequence(MethodRunner.java:46)
at org.testng.internal.TestInvoker$MethodInvocationAgent.invoke(TestInvoker.java:822)
at org.testng.internal.TestInvoker.invokeTestMethods(TestInvoker.java:147)
at org.testng.internal.TestMethodWorker.invokeTestMethods(TestMethodWorker.java:146)
at org.testng.internal.TestMethodWorker.run(TestMethodWorker.java:128)
at java.base/java.util.concurrent.ThreadPoolExecutor.runWorker(ThreadPoolExecutor.java:1130)
at java.base/java.util.concurrent.ThreadPoolExecutor$Worker.run(ThreadPoolExecutor.java:630)
at java.base/java.lang.Thread.run(Thread.java:832)
]]>
    </failure>
  </testcase> <!-- areaOfTriangle_HB -->
  <system-out>
3 Sides of Triangle --> 0.0 , 15.0 Please enter the valid Height and Breadth  </system-out>
  <testcase classname="com.hcl.test.AreaOfTriangle" name="areaOfTriangle_Sides" time="0.001">
    <failure message="Triangle is not valid" type="java.lang.AssertionError">
      <![CDATA[java.lang.AssertionError: Triangle is not valid
at org.testng.Assert.fail(Assert.java:99)
at com.hcl.test.AreaOfTriangle.areaOfTriangle_Sides(AreaOfTriangle.java:80)
at java.base/jdk.internal.reflect.NativeMethodAccessorImpl.invoke0(Native Method)
at java.base/jdk.internal.reflect.NativeMethodAccessorImpl.invoke(NativeMethodAccessorImpl.java:64)
at java.base/jdk.internal.reflect.DelegatingMethodAccessorImpl.invoke(DelegatingMethodAccessorImpl.java:43)
at java.base/java.lang.reflect.Method.invoke(Method.java:564)
at org.testng.internal.MethodInvocationHelper.invokeMethod(MethodInvocationHelper.java:132)
at org.testng.internal.TestInvoker.invokeMethod(TestInvoker.java:599)
at org.testng.internal.TestInvoker.invokeTestMethod(TestInvoker.java:174)
at org.testng.internal.MethodRunner.runInSequence(MethodRunner.java:46)
at org.testng.internal.TestInvoker$MethodInvocationAgent.invoke(TestInvoker.java:822)
at org.testng.internal.TestInvoker.invokeTestMethods(TestInvoker.java:147)
at org.testng.internal.TestMethodWorker.invokeTestMethods(TestMethodWorker.java:146)
at org.testng.internal.TestMethodWorker.run(TestMethodWorker.java:128)
at java.base/java.util.concurrent.ThreadPoolExecutor.runWorker(ThreadPoolExecutor.java:1130)
at java.base/java.util.concurrent.ThreadPoolExecutor$Worker.run(ThreadPoolExecutor.java:630)
at java.base/java.lang.Thread.run(Thread.java:832)
]]>
    </failure>
  </testcase> <!-- areaOfTriangle_Sides -->
  <system-out>
3 Sides of Triangle --> 1.0 , 2.0 ,3.0 Triangle Sides are greater than 0 Triangle is not valid  </system-out>
  <testcase classname="com.hcl.test.AreaOfTriangle" name="areaOfTriangle_Sides" time="0.000">
    <error message="
Conversion issue on parameter: Side2" type="org.testng.TestNGException">
      <![CDATA[org.testng.TestNGException: 
Conversion issue on parameter: Side2
at org.testng.internal.Parameters.convertType(Parameters.java:531)
at org.testng.internal.Parameters.createParams(Parameters.java:271)
at org.testng.internal.Parameters.createParametersForMethod(Parameters.java:356)
at org.testng.internal.Parameters.createParameters(Parameters.java:700)
at org.testng.internal.Parameters.handleParameters(Parameters.java:875)
at org.testng.internal.Parameters.handleParameters(Parameters.java:740)
at org.testng.internal.ParameterHandler.handleParameters(ParameterHandler.java:59)
at org.testng.internal.ParameterHandler.createParameters(ParameterHandler.java:38)
at org.testng.internal.TestInvoker$MethodInvocationAgent.invoke(TestInvoker.java:789)
at org.testng.internal.TestInvoker.invokeTestMethods(TestInvoker.java:147)
at org.testng.internal.TestMethodWorker.invokeTestMethods(TestMethodWorker.java:146)
at org.testng.internal.TestMethodWorker.run(TestMethodWorker.java:128)
at java.base/java.util.concurrent.ThreadPoolExecutor.runWorker(ThreadPoolExecutor.java:1130)
at java.base/java.util.concurrent.ThreadPoolExecutor$Worker.run(ThreadPoolExecutor.java:630)
at java.base/java.lang.Thread.run(Thread.java:832)
Caused by: java.lang.NumberFormatException: For input string: "89AZDDB"
at java.base/jdk.internal.math.FloatingDecimal.readJavaFormatString(FloatingDecimal.java:2054)
at java.base/jdk.internal.math.FloatingDecimal.parseDouble(FloatingDecimal.java:110)
at java.base/java.lang.Double.parseDouble(Double.java:549)
at java.base/java.lang.Double.valueOf(Double.java:512)
at org.testng.internal.Parameters.convertType(Parameters.java:516)
... 14 more
]]>
    </error>
  </testcase> <!-- areaOfTriangle_Sides -->
  <system-out/>
  <testcase classname="com.hcl.test.AreaOfTriangle" name="areaOfTriangle_Sides" time="0.001"/>
  <system-out>
3 Sides of Triangle --> 20.0 , 25.0 ,22.0 Triangle Sides are greater than 0 Triangle is valid!! Area of the Triangle --> 210.2556479621891  </system-out>
  <testcase classname="com.hcl.test.AreaOfTriangle" name="areaOfTriangle_Sides" time="0.001"/>
  <system-out>
3 Sides of Triangle --> 40.2 , 30.25 ,20.22 Triangle Sides are greater than 0 Triangle is valid!! Area of the Triangle --> 296.97937060438113  </system-out>
  <testcase classname="com.hcl.test.AreaOfTriangle" name="areaOfTriangle_HB" time="0.001"/>
  <system-out>
3 Sides of Triangle --> 10.0 , 15.0 Triangle is valid!! Area of the Triangle --> 75.0  </system-out>
  <testcase classname="com.hcl.test.AreaOfTriangle" name="areaOfTriangle_HB" time="0.002"/>
  <system-out>
3 Sides of Triangle --> 100.6 , 25.98 Triangle is valid!! Area of the Triangle --> 1306.7939999999999  </system-out>
</testsuite> <!-- com.hcl.test.AreaOfTriangle -->
