<?xml version="1.0" encoding="UTF-8"?>
<!-- Generated by org.testng.reporters.JUnitXMLReporter -->
<testsuite ignored="1" hostname="Rudransh" failures="1" tests="1" name="AreaofTriangle_HB_Negative1" time="0.004" errors="0" timestamp="2021-04-02T23:02:00 CEST">
  <testcase classname="com.hcl.test.AreaOfTriangle" name="areaOfTriangle_HB" time="0.002">
    <failure type="java.lang.AssertionError" message="Please enter the valid Height and Breadth">
      <![CDATA[java.lang.AssertionError: Please enter the valid Height and Breadth
at com.hcl.test.AreaOfTriangle.areaOfTriangle_HB(AreaOfTriangle.java:39)
at java.base/java.util.concurrent.ThreadPoolExecutor.runWorker(ThreadPoolExecutor.java:1130)
at java.base/java.util.concurrent.ThreadPoolExecutor$Worker.run(ThreadPoolExecutor.java:630)
at java.base/java.lang.Thread.run(Thread.java:832)
... Removed 13 stack frames]]>
    </failure>
  </testcase> <!-- areaOfTriangle_HB -->
  <testcase classname="com.hcl.test.AreaOfTriangle" name="areaOfTriangle_Sides" time="0.0">
    <ignored/>
  </testcase> <!-- areaOfTriangle_Sides -->
</testsuite> <!-- AreaofTriangle_HB_Negative1 -->
